c:\users\peter\source\repos\opengl_game\opengl_game\x64\debug\vc143.pdb
c:\users\peter\source\repos\opengl_game\opengl_game\x64\debug\vc143.idb
c:\users\peter\source\repos\opengl_game\opengl_game\x64\debug\glad.obj
c:\users\peter\source\repos\opengl_game\opengl_game\x64\debug\window.obj
c:\users\peter\source\repos\opengl_game\opengl_game\x64\debug\texture2d.obj
c:\users\peter\source\repos\opengl_game\opengl_game\x64\debug\sprite.obj
c:\users\peter\source\repos\opengl_game\opengl_game\x64\debug\source.obj
c:\users\peter\source\repos\opengl_game\opengl_game\x64\debug\shader.obj
c:\users\peter\source\repos\opengl_game\opengl_game\x64\debug\renderer.obj
c:\users\peter\source\repos\opengl_game\opengl_game\x64\debug\player.obj
c:\users\peter\source\repos\opengl_game\opengl_game\x64\debug\line.obj
c:\users\peter\source\repos\opengl_game\opengl_game\x64\debug\camera.obj
c:\users\peter\source\repos\opengl_game\opengl_game\x64\debug\basicentity.obj
c:\users\peter\source\repos\opengl_game\opengl_game\x64\debug\backgroundtile.obj
c:\users\peter\source\repos\opengl_game\opengl_game\x64\debug\background.obj
c:\users\peter\source\repos\opengl_game\opengl_game\x64\debug\enemyentity.obj
c:\users\peter\source\repos\opengl_game\x64\debug\opengl_game.pdb
c:\users\peter\source\repos\opengl_game\opengl_game\x64\debug\opengl_game.tlog\cl.command.1.tlog
c:\users\peter\source\repos\opengl_game\opengl_game\x64\debug\opengl_game.tlog\cl.read.1.tlog
c:\users\peter\source\repos\opengl_game\opengl_game\x64\debug\opengl_game.tlog\cl.write.1.tlog
c:\users\peter\source\repos\opengl_game\opengl_game\x64\debug\opengl_game.tlog\link.39508-cvtres.read.1.tlog
c:\users\peter\source\repos\opengl_game\opengl_game\x64\debug\opengl_game.tlog\link.39508-cvtres.write.1.tlog
c:\users\peter\source\repos\opengl_game\opengl_game\x64\debug\opengl_game.tlog\link.39508-rc.read.1.tlog
c:\users\peter\source\repos\opengl_game\opengl_game\x64\debug\opengl_game.tlog\link.39508-rc.write.1.tlog
c:\users\peter\source\repos\opengl_game\opengl_game\x64\debug\opengl_game.tlog\link.39508.read.1.tlog
c:\users\peter\source\repos\opengl_game\opengl_game\x64\debug\opengl_game.tlog\link.39508.read.2.tlog
c:\users\peter\source\repos\opengl_game\opengl_game\x64\debug\opengl_game.tlog\link.39508.write.1.tlog
c:\users\peter\source\repos\opengl_game\opengl_game\x64\debug\opengl_game.tlog\link.command.1.tlog
c:\users\peter\source\repos\opengl_game\opengl_game\x64\debug\opengl_game.tlog\link.read.1.tlog
c:\users\peter\source\repos\opengl_game\opengl_game\x64\debug\opengl_game.tlog\link.write.1.tlog
